{"meta": {"format": 3, "version": "7.10.6", "timestamp": "2025-12-21T11:40:24.111550", "branch_coverage": false, "show_contexts": false}, "files": {"custom_components/pronatura/__init__.py": {"executed_lines": [1, 3, 5, 6, 7, 9, 10, 11, 12, 14, 17, 19, 20, 22, 24, 29, 31, 36, 37, 40, 42, 43, 44, 45], "summary": {"covered_lines": 23, "num_statements": 23, "percent_covered": 100.0, "percent_covered_display": "100", "missing_lines": 0, "excluded_lines": 0}, "missing_lines": [], "excluded_lines": [], "functions": {"async_setup_entry": {"executed_lines": [19, 20, 22, 24, 29, 31, 36, 37], "summary": {"covered_lines": 8, "num_statements": 8, "percent_covered": 100.0, "percent_covered_display": "100", "missing_lines": 0, "excluded_lines": 0}, "missing_lines": [], "excluded_lines": []}, "async_unload_entry": {"executed_lines": [42, 43, 44, 45], "summary": {"covered_lines": 4, "num_statements": 4, "percent_covered": 100.0, "percent_covered_display": "100", "missing_lines": 0, "excluded_lines": 0}, "missing_lines": [], "excluded_lines": []}, "": {"executed_lines": [1, 3, 5, 6, 7, 9, 10, 11, 12, 14, 17, 40], "summary": {"covered_lines": 11, "num_statements": 11, "percent_covered": 100.0, "percent_covered_display": "100", "missing_lines": 0, "excluded_lines": 0}, "missing_lines": [], "excluded_lines": []}}, "classes": {"": {"executed_lines": [1, 3, 5, 6, 7, 9, 10, 11, 12, 14, 17, 19, 20, 22, 24, 29, 31, 36, 37, 40, 42, 43, 44, 45], "summary": {"covered_lines": 23, "num_statements": 23, "percent_covered": 100.0, "percent_covered_display": "100", "missing_lines": 0, "excluded_lines": 0}, "missing_lines": [], "excluded_lines": []}}}, "custom_components/pronatura/api.py": {"executed_lines": [1, 24, 26, 27, 28, 29, 31, 33, 35, 38, 39, 42, 43, 46, 47, 50, 51, 54, 55, 57, 58, 61, 62, 64, 65, 66, 67, 70, 71, 73, 74, 77, 78, 80, 81, 84, 85, 87, 88, 89, 90, 91, 92, 93, 94, 95, 98, 99, 101, 103, 105, 107, 108, 111, 112, 114, 118, 119, 124, 128, 134, 136, 140, 141, 144, 148, 151, 153, 202, 205, 207, 208, 210, 211, 212, 213, 214, 215, 217, 218, 220, 223, 224, 226, 227, 231, 232, 236, 237, 239, 241, 261, 262, 263, 265, 266, 267, 268, 275, 277, 284, 285, 286, 287, 292, 293, 294, 295, 296, 301, 304, 305, 307, 308, 309, 316, 318, 319, 321, 322, 327, 329, 334, 337, 342, 346, 347, 348, 349, 350, 351, 352, 353, 354, 360, 365, 367, 368, 369, 372, 394], "summary": {"covered_lines": 130, "num_statements": 130, "percent_covered": 100.0, "percent_covered_display": "100", "missing_lines": 0, "excluded_lines": 0}, "missing_lines": [], "excluded_lines": [], "functions": {"ProNaturaApiClient.__init__": {"executed_lines": [103], "summary": {"covered_lines": 1, "num_statements": 1, "percent_covered": 100.0, "percent_covered_display": "100", "missing_lines": 0, "excluded_lines": 0}, "missing_lines": [], "excluded_lines": []}, "ProNaturaApiClient.async_get_streets": {"executed_lines": [107, 108, 111, 112], "summary": {"covered_lines": 4, "num_statements": 4, "percent_covered": 100.0, "percent_covered_display": "100", "missing_lines": 0, "excluded_lines": 0}, "missing_lines": [], "excluded_lines": []}, "ProNaturaApiClient.async_get_address_points": {"executed_lines": [118, 119, 124, 128, 134], "summary": {"covered_lines": 5, "num_statements": 5, "percent_covered": 100.0, "percent_covered_display": "100", "missing_lines": 0, "excluded_lines": 0}, "missing_lines": [], "excluded_lines": []}, "ProNaturaApiClient.async_get_trash_schedule": {"executed_lines": [140, 141, 144, 148, 151], "summary": {"covered_lines": 5, "num_statements": 5, "percent_covered": 100.0, "percent_covered_display": "100", "missing_lines": 0, "excluded_lines": 0}, "missing_lines": [], "excluded_lines": []}, "ProNaturaApiClient.async_get_trash_schedule_for_address": {"executed_lines": [202, 205, 207, 208, 210, 211, 212, 213, 214, 215, 217, 218, 220, 223, 224, 226, 227, 231, 232, 236, 237, 239], "summary": {"covered_lines": 22, "num_statements": 22, "percent_covered": 100.0, "percent_covered_display": "100", "missing_lines": 0, "excluded_lines": 0}, "missing_lines": [], "excluded_lines": []}, "ProNaturaApiClient._request": {"executed_lines": [261, 262, 263, 265, 266, 267, 268, 275, 277, 284, 285, 286, 287, 292, 293, 294, 295, 296, 301, 304, 305, 307, 308, 309, 316, 318, 319, 321, 322, 327, 329, 334, 337], "summary": {"covered_lines": 33, "num_statements": 33, "percent_covered": 100.0, "percent_covered_display": "100", "missing_lines": 0, "excluded_lines": 0}, "missing_lines": [], "excluded_lines": []}, "_raise_for_status": {"executed_lines": [346, 347, 348, 349, 350, 351, 352, 353, 354, 360], "summary": {"covered_lines": 10, "num_statements": 10, "percent_covered": 100.0, "percent_covered_display": "100", "missing_lines": 0, "excluded_lines": 0}, "missing_lines": [], "excluded_lines": []}, "_normalize_text": {"executed_lines": [367, 368, 369], "summary": {"covered_lines": 3, "num_statements": 3, "percent_covered": 100.0, "percent_covered_display": "100", "missing_lines": 0, "excluded_lines": 0}, "missing_lines": [], "excluded_lines": []}, "_normalize_building_number": {"executed_lines": [394], "summary": {"covered_lines": 1, "num_statements": 1, "percent_covered": 100.0, "percent_covered_display": "100", "missing_lines": 0, "excluded_lines": 0}, "missing_lines": [], "excluded_lines": []}, "": {"executed_lines": [1, 24, 26, 27, 28, 29, 31, 33, 35, 38, 39, 42, 43, 46, 47, 50, 51, 54, 55, 57, 58, 61, 62, 64, 65, 66, 67, 70, 71, 73, 74, 77, 78, 80, 81, 84, 85, 87, 88, 89, 90, 91, 92, 93, 94, 95, 98, 99, 101, 105, 114, 136, 153, 241, 342, 365, 372], "summary": {"covered_lines": 46, "num_statements": 46, "percent_covered": 100.0, "percent_covered_display": "100", "missing_lines": 0, "excluded_lines": 0}, "missing_lines": [], "excluded_lines": []}}, "classes": {"ProNaturaApiError": {"executed_lines": [], "summary": {"covered_lines": 0, "num_statements": 0, "percent_covered": 100.0, "percent_covered_display": "100", "missing_lines": 0, "excluded_lines": 0}, "missing_lines": [], "excluded_lines": []}, "ProNaturaLookupError": {"executed_lines": [], "summary": {"covered_lines": 0, "num_statements": 0, "percent_covered": 100.0, "percent_covered_display": "100", "missing_lines": 0, "excluded_lines": 0}, "missing_lines": [], "excluded_lines": []}, "ProNaturaStreetNotFoundError": {"executed_lines": [], "summary": {"covered_lines": 0, "num_statements": 0, "percent_covered": 100.0, "percent_covered_display": "100", "missing_lines": 0, "excluded_lines": 0}, "missing_lines": [], "excluded_lines": []}, "ProNaturaAddressNotFoundError": {"executed_lines": [], "summary": {"covered_lines": 0, "num_statements": 0, "percent_covered": 100.0, "percent_covered_display": "100", "missing_lines": 0, "excluded_lines": 0}, "missing_lines": [], "excluded_lines": []}, "ProNaturaStreet": {"executed_lines": [], "summary": {"covered_lines": 0, "num_statements": 0, "percent_covered": 100.0, "percent_covered_display": "100", "missing_lines": 0, "excluded_lines": 0}, "missing_lines": [], "excluded_lines": []}, "ProNaturaAddressPoint": {"executed_lines": [], "summary": {"covered_lines": 0, "num_statements": 0, "percent_covered": 100.0, "percent_covered_display": "100", "missing_lines": 0, "excluded_lines": 0}, "missing_lines": [], "excluded_lines": []}, "ProNaturaFractionSchedule": {"executed_lines": [], "summary": {"covered_lines": 0, "num_statements": 0, "percent_covered": 100.0, "percent_covered_display": "100", "missing_lines": 0, "excluded_lines": 0}, "missing_lines": [], "excluded_lines": []}, "ProNaturaMonthSchedule": {"executed_lines": [], "summary": {"covered_lines": 0, "num_statements": 0, "percent_covered": 100.0, "percent_covered_display": "100", "missing_lines": 0, "excluded_lines": 0}, "missing_lines": [], "excluded_lines": []}, "ProNaturaTrashScheduleResponse": {"executed_lines": [], "summary": {"covered_lines": 0, "num_statements": 0, "percent_covered": 100.0, "percent_covered_display": "100", "missing_lines": 0, "excluded_lines": 0}, "missing_lines": [], "excluded_lines": []}, "ProNaturaApiClient": {"executed_lines": [103, 107, 108, 111, 112, 118, 119, 124, 128, 134, 140, 141, 144, 148, 151, 202, 205, 207, 208, 210, 211, 212, 213, 214, 215, 217, 218, 220, 223, 224, 226, 227, 231, 232, 236, 237, 239, 261, 262, 263, 265, 266, 267, 268, 275, 277, 284, 285, 286, 287, 292, 293, 294, 295, 296, 301, 304, 305, 307, 308, 309, 316, 318, 319, 321, 322, 327, 329, 334, 337], "summary": {"covered_lines": 70, "num_statements": 70, "percent_covered": 100.0, "percent_covered_display": "100", "missing_lines": 0, "excluded_lines": 0}, "missing_lines": [], "excluded_lines": []}, "": {"executed_lines": [1, 24, 26, 27, 28, 29, 31, 33, 35, 38, 39, 42, 43, 46, 47, 50, 51, 54, 55, 57, 58, 61, 62, 64, 65, 66, 67, 70, 71, 73, 74, 77, 78, 80, 81, 84, 85, 87, 88, 89, 90, 91, 92, 93, 94, 95, 98, 99, 101, 105, 114, 136, 153, 241, 342, 346, 347, 348, 349, 350, 351, 352, 353, 354, 360, 365, 367, 368, 369, 372, 394], "summary": {"covered_lines": 60, "num_statements": 60, "percent_covered": 100.0, "percent_covered_display": "100", "missing_lines": 0, "excluded_lines": 0}, "missing_lines": [], "excluded_lines": []}}}, "custom_components/pronatura/config_flow.py": {"executed_lines": [1, 3, 5, 6, 8, 10, 16, 17, 19, 25, 34, 35, 37, 40, 41, 43, 44, 46, 48, 49, 50, 51, 52, 54, 55, 57, 58, 59, 60, 62, 66, 67, 69, 73, 75, 76, 77, 80, 83, 85, 86, 87, 88, 89, 90, 92, 93, 95, 102, 113, 119, 123, 126, 128, 129, 130, 133, 136, 137, 138, 141, 142, 143, 148, 150, 151, 152, 153, 154, 162, 163, 165, 166, 172, 177, 178, 179, 183, 184, 189, 191, 192, 194, 202, 214, 223, 225, 226, 227, 228, 229, 230], "summary": {"covered_lines": 90, "num_statements": 94, "percent_covered": 95.74468085106383, "percent_covered_display": "96", "missing_lines": 4, "excluded_lines": 0}, "missing_lines": [81, 124, 134, 139], "excluded_lines": [], "functions": {"ProNaturaConfigFlow.__init__": {"executed_lines": [48, 49, 50, 51, 52], "summary": {"covered_lines": 5, "num_statements": 5, "percent_covered": 100.0, "percent_covered_display": "100", "missing_lines": 0, "excluded_lines": 0}, "missing_lines": [], "excluded_lines": []}, "ProNaturaConfigFlow.client": {"executed_lines": [57, 58, 59, 60], "summary": {"covered_lines": 4, "num_statements": 4, "percent_covered": 100.0, "percent_covered_display": "100", "missing_lines": 0, "excluded_lines": 0}, "missing_lines": [], "excluded_lines": []}, "ProNaturaConfigFlow.async_step_reconfigure": {"executed_lines": [66, 67], "summary": {"covered_lines": 2, "num_statements": 2, "percent_covered": 100.0, "percent_covered_display": "100", "missing_lines": 0, "excluded_lines": 0}, "missing_lines": [], "excluded_lines": []}, "ProNaturaConfigFlow.async_step_user": {"executed_lines": [73, 75, 76, 77, 80, 83, 85, 86, 87, 88, 89, 90, 92, 93, 95, 102, 113], "summary": {"covered_lines": 17, "num_statements": 18, "percent_covered": 94.44444444444444, "percent_covered_display": "94", "missing_lines": 1, "excluded_lines": 0}, "missing_lines": [81], "excluded_lines": []}, "ProNaturaConfigFlow.async_step_address": {"executed_lines": [123, 126, 128, 129, 130, 133, 136, 137, 138, 141, 142, 143, 148, 150, 151, 152, 153, 154, 162, 163, 165, 166, 172, 177, 178, 179, 183, 184, 189, 191, 192, 194, 202, 214], "summary": {"covered_lines": 34, "num_statements": 37, "percent_covered": 91.89189189189189, "percent_covered_display": "92", "missing_lines": 3, "excluded_lines": 0}, "missing_lines": [124, 134, 139], "excluded_lines": []}, "ProNaturaConfigFlow._async_force_entry_refresh": {"executed_lines": [225, 226, 227, 228, 229, 230], "summary": {"covered_lines": 6, "num_statements": 6, "percent_covered": 100.0, "percent_covered_display": "100", "missing_lines": 0, "excluded_lines": 0}, "missing_lines": [], "excluded_lines": []}, "": {"executed_lines": [1, 3, 5, 6, 8, 10, 16, 17, 19, 25, 34, 35, 37, 40, 41, 43, 44, 46, 54, 55, 62, 69, 119, 223], "summary": {"covered_lines": 22, "num_statements": 22, "percent_covered": 100.0, "percent_covered_display": "100", "missing_lines": 0, "excluded_lines": 0}, "missing_lines": [], "excluded_lines": []}}, "classes": {"ProNaturaConfigFlow": {"executed_lines": [48, 49, 50, 51, 52, 57, 58, 59, 60, 66, 67, 73, 75, 76, 77, 80, 83, 85, 86, 87, 88, 89, 90, 92, 93, 95, 102, 113, 123, 126, 128, 129, 130, 133, 136, 137, 138, 141, 142, 143, 148, 150, 151, 152, 153, 154, 162, 163, 165, 166, 172, 177, 178, 179, 183, 184, 189, 191, 192, 194, 202, 214, 225, 226, 227, 228, 229, 230], "summary": {"covered_lines": 68, "num_statements": 72, "percent_covered": 94.44444444444444, "percent_covered_display": "94", "missing_lines": 4, "excluded_lines": 0}, "missing_lines": [81, 124, 134, 139], "excluded_lines": []}, "": {"executed_lines": [1, 3, 5, 6, 8, 10, 16, 17, 19, 25, 34, 35, 37, 40, 41, 43, 44, 46, 54, 55, 62, 69, 119, 223], "summary": {"covered_lines": 22, "num_statements": 22, "percent_covered": 100.0, "percent_covered_display": "100", "missing_lines": 0, "excluded_lines": 0}, "missing_lines": [], "excluded_lines": []}}}, "custom_components/pronatura/const.py": {"executed_lines": [1, 3, 5, 6, 8, 10, 11, 13, 15, 16, 17, 18, 19, 20, 22, 23, 24, 25, 27, 28, 30, 51], "summary": {"covered_lines": 21, "num_statements": 21, "percent_covered": 100.0, "percent_covered_display": "100", "missing_lines": 0, "excluded_lines": 0}, "missing_lines": [], "excluded_lines": [], "functions": {"": {"executed_lines": [1, 3, 5, 6, 8, 10, 11, 13, 15, 16, 17, 18, 19, 20, 22, 23, 24, 25, 27, 28, 30, 51], "summary": {"covered_lines": 21, "num_statements": 21, "percent_covered": 100.0, "percent_covered_display": "100", "missing_lines": 0, "excluded_lines": 0}, "missing_lines": [], "excluded_lines": []}}, "classes": {"": {"executed_lines": [1, 3, 5, 6, 8, 10, 11, 13, 15, 16, 17, 18, 19, 20, 22, 23, 24, 25, 27, 28, 30, 51], "summary": {"covered_lines": 21, "num_statements": 21, "percent_covered": 100.0, "percent_covered_display": "100", "missing_lines": 0, "excluded_lines": 0}, "missing_lines": [], "excluded_lines": []}}}, "custom_components/pronatura/coordinator.py": {"executed_lines": [1, 3, 5, 6, 7, 8, 9, 11, 12, 13, 14, 15, 17, 24, 33, 34, 36, 39, 40, 41, 43, 44, 45, 46, 47, 48, 49, 52, 53, 54, 56, 57, 58, 59, 62, 63, 64, 66, 67, 70, 71, 73, 81, 88, 89, 90, 91, 92, 93, 94, 99, 100, 101, 102, 103, 110, 112, 114, 115, 116, 117, 118, 119, 120, 121, 123, 124, 125, 126, 133, 135, 136, 141, 143, 159, 161, 162, 163, 166, 167, 169, 171, 172, 173, 175, 177, 178, 179, 181, 182, 184, 186, 190, 196, 197, 203, 204, 205, 207, 208, 210, 213, 247, 248, 251, 252, 253, 254, 256, 257, 268, 310, 311, 313, 314, 315, 316, 317, 319, 320, 321, 325, 327, 328, 329, 330, 332, 333, 334, 335, 338, 340, 341, 342, 345, 347, 348, 349, 350, 355, 356, 357, 358, 359, 360, 363, 365, 366, 367, 368, 369, 371, 372, 373, 375, 376, 380, 381, 385, 386, 390, 391, 396, 400, 404], "summary": {"covered_lines": 160, "num_statements": 162, "percent_covered": 98.76543209876543, "percent_covered_display": "99", "missing_lines": 2, "excluded_lines": 0}, "missing_lines": [209, 337], "excluded_lines": [], "functions": {"ProNaturaDataUpdateCoordinator.__init__": {"executed_lines": [81, 88, 89, 90, 91, 92, 93, 94, 99, 100, 101, 102, 103, 110], "summary": {"covered_lines": 14, "num_statements": 14, "percent_covered": 100.0, "percent_covered_display": "100", "missing_lines": 0, "excluded_lines": 0}, "missing_lines": [], "excluded_lines": []}, "ProNaturaDataUpdateCoordinator._async_update_data": {"executed_lines": [114, 115, 116, 117, 118, 119, 120, 121, 123, 124, 125, 126], "summary": {"covered_lines": 12, "num_statements": 12, "percent_covered": 100.0, "percent_covered_display": "100", "missing_lines": 0, "excluded_lines": 0}, "missing_lines": [], "excluded_lines": []}, "ProNaturaDataUpdateCoordinator._report_address_issue": {"executed_lines": [135, 136, 141, 143], "summary": {"covered_lines": 4, "num_statements": 4, "percent_covered": 100.0, "percent_covered_display": "100", "missing_lines": 0, "excluded_lines": 0}, "missing_lines": [], "excluded_lines": []}, "ProNaturaDataUpdateCoordinator._clear_address_issue": {"executed_lines": [161, 162, 163, 166, 167], "summary": {"covered_lines": 5, "num_statements": 5, "percent_covered": 100.0, "percent_covered_display": "100", "missing_lines": 0, "excluded_lines": 0}, "missing_lines": [], "excluded_lines": []}, "ProNaturaDataUpdateCoordinator._async_handle_new_day": {"executed_lines": [171, 172, 173], "summary": {"covered_lines": 3, "num_statements": 3, "percent_covered": 100.0, "percent_covered_display": "100", "missing_lines": 0, "excluded_lines": 0}, "missing_lines": [], "excluded_lines": []}, "ProNaturaDataUpdateCoordinator.async_force_schedule_refresh": {"executed_lines": [177, 178, 179], "summary": {"covered_lines": 3, "num_statements": 3, "percent_covered": 100.0, "percent_covered_display": "100", "missing_lines": 0, "excluded_lines": 0}, "missing_lines": [], "excluded_lines": []}, "ProNaturaDataUpdateCoordinator.schedule_cache_timestamp": {"executed_lines": [184], "summary": {"covered_lines": 1, "num_statements": 1, "percent_covered": 100.0, "percent_covered_display": "100", "missing_lines": 0, "excluded_lines": 0}, "missing_lines": [], "excluded_lines": []}, "ProNaturaDataUpdateCoordinator._async_get_or_fetch_schedule": {"executed_lines": [190, 196, 197, 203, 204, 205, 207, 208, 210], "summary": {"covered_lines": 9, "num_statements": 10, "percent_covered": 90.0, "percent_covered_display": "90", "missing_lines": 1, "excluded_lines": 0}, "missing_lines": [209], "excluded_lines": []}, "_build_address_details": {"executed_lines": [247, 248, 251, 252, 253, 254, 256, 257], "summary": {"covered_lines": 8, "num_statements": 8, "percent_covered": 100.0, "percent_covered_display": "100", "missing_lines": 0, "excluded_lines": 0}, "missing_lines": [], "excluded_lines": []}, "_compute_next_collection_dates": {"executed_lines": [310, 311, 313, 314, 315, 316, 317, 319, 320, 321, 325, 327, 328, 329, 330, 332, 333, 334, 335, 338, 340, 341, 342, 345, 347, 348, 349, 350, 355, 356, 357, 358, 359, 360, 363, 365, 366, 367, 368, 369, 371, 372, 373, 375, 376, 380, 381, 385, 386, 390, 391, 396, 400, 404], "summary": {"covered_lines": 54, "num_statements": 55, "percent_covered": 98.18181818181819, "percent_covered_display": "98", "missing_lines": 1, "excluded_lines": 0}, "missing_lines": [337], "excluded_lines": []}, "": {"executed_lines": [1, 3, 5, 6, 7, 8, 9, 11, 12, 13, 14, 15, 17, 24, 33, 34, 36, 39, 40, 41, 43, 44, 45, 46, 47, 48, 49, 52, 53, 54, 56, 57, 58, 59, 62, 63, 64, 66, 67, 70, 71, 73, 112, 133, 159, 169, 175, 181, 182, 186, 213, 268], "summary": {"covered_lines": 47, "num_statements": 47, "percent_covered": 100.0, "percent_covered_display": "100", "missing_lines": 0, "excluded_lines": 0}, "missing_lines": [], "excluded_lines": []}}, "classes": {"ProNaturaAddressDetails": {"executed_lines": [], "summary": {"covered_lines": 0, "num_statements": 0, "percent_covered": 100.0, "percent_covered_display": "100", "missing_lines": 0, "excluded_lines": 0}, "missing_lines": [], "excluded_lines": []}, "ProNaturaCollectionData": {"executed_lines": [], "summary": {"covered_lines": 0, "num_statements": 0, "percent_covered": 100.0, "percent_covered_display": "100", "missing_lines": 0, "excluded_lines": 0}, "missing_lines": [], "excluded_lines": []}, "_FractionCollectionWindow": {"executed_lines": [], "summary": {"covered_lines": 0, "num_statements": 0, "percent_covered": 100.0, "percent_covered_display": "100", "missing_lines": 0, "excluded_lines": 0}, "missing_lines": [], "excluded_lines": []}, "ProNaturaDataUpdateCoordinator": {"executed_lines": [81, 88, 89, 90, 91, 92, 93, 94, 99, 100, 101, 102, 103, 110, 114, 115, 116, 117, 118, 119, 120, 121, 123, 124, 125, 126, 135, 136, 141, 143, 161, 162, 163, 166, 167, 171, 172, 173, 177, 178, 179, 184, 190, 196, 197, 203, 204, 205, 207, 208, 210], "summary": {"covered_lines": 51, "num_statements": 52, "percent_covered": 98.07692307692308, "percent_covered_display": "98", "missing_lines": 1, "excluded_lines": 0}, "missing_lines": [209], "excluded_lines": []}, "": {"executed_lines": [1, 3, 5, 6, 7, 8, 9, 11, 12, 13, 14, 15, 17, 24, 33, 34, 36, 39, 40, 41, 43, 44, 45, 46, 47, 48, 49, 52, 53, 54, 56, 57, 58, 59, 62, 63, 64, 66, 67, 70, 71, 73, 112, 133, 159, 169, 175, 181, 182, 186, 213, 247, 248, 251, 252, 253, 254, 256, 257, 268, 310, 311, 313, 314, 315, 316, 317, 319, 320, 321, 325, 327, 328, 329, 330, 332, 333, 334, 335, 338, 340, 341, 342, 345, 347, 348, 349, 350, 355, 356, 357, 358, 359, 360, 363, 365, 366, 367, 368, 369, 371, 372, 373, 375, 376, 380, 381, 385, 386, 390, 391, 396, 400, 404], "summary": {"covered_lines": 109, "num_statements": 110, "percent_covered": 99.0909090909091, "percent_covered_display": "99", "missing_lines": 1, "excluded_lines": 0}, "missing_lines": [337], "excluded_lines": []}}}, "custom_components/pronatura/diagnostics.py": {"executed_lines": [1, 3, 5, 6, 8, 9, 10, 12, 19, 21, 29, 39, 51, 55, 56, 57, 58, 60, 61, 66, 70, 93, 95, 100, 102], "summary": {"covered_lines": 24, "num_statements": 24, "percent_covered": 100.0, "percent_covered_display": "100", "missing_lines": 0, "excluded_lines": 0}, "missing_lines": [], "excluded_lines": [], "functions": {"async_get_config_entry_diagnostics": {"executed_lines": [55, 56, 57, 58, 60, 61, 66, 70], "summary": {"covered_lines": 8, "num_statements": 8, "percent_covered": 100.0, "percent_covered_display": "100", "missing_lines": 0, "excluded_lines": 0}, "missing_lines": [], "excluded_lines": []}, "_serialize_dates": {"executed_lines": [95], "summary": {"covered_lines": 1, "num_statements": 1, "percent_covered": 100.0, "percent_covered_display": "100", "missing_lines": 0, "excluded_lines": 0}, "missing_lines": [], "excluded_lines": []}, "_serialize_details": {"executed_lines": [102], "summary": {"covered_lines": 1, "num_statements": 1, "percent_covered": 100.0, "percent_covered_display": "100", "missing_lines": 0, "excluded_lines": 0}, "missing_lines": [], "excluded_lines": []}, "": {"executed_lines": [1, 3, 5, 6, 8, 9, 10, 12, 19, 21, 29, 39, 51, 93, 100], "summary": {"covered_lines": 14, "num_statements": 14, "percent_covered": 100.0, "percent_covered_display": "100", "missing_lines": 0, "excluded_lines": 0}, "missing_lines": [], "excluded_lines": []}}, "classes": {"": {"executed_lines": [1, 3, 5, 6, 8, 9, 10, 12, 19, 21, 29, 39, 51, 55, 56, 57, 58, 60, 61, 66, 70, 93, 95, 100, 102], "summary": {"covered_lines": 24, "num_statements": 24, "percent_covered": 100.0, "percent_covered_display": "100", "missing_lines": 0, "excluded_lines": 0}, "missing_lines": [], "excluded_lines": []}}}, "custom_components/pronatura/entity.py": {"executed_lines": [1, 3, 5, 6, 7, 9, 19, 20, 21, 24, 25, 27, 28, 30, 37, 38, 39, 40, 41, 42, 43, 45, 47, 48, 59, 60, 62, 64, 69, 70, 71, 72, 73, 74, 75, 76, 78, 86, 88, 89, 90], "summary": {"covered_lines": 39, "num_statements": 40, "percent_covered": 97.5, "percent_covered_display": "98", "missing_lines": 1, "excluded_lines": 0}, "missing_lines": [54], "excluded_lines": [], "functions": {"ProNaturaEntity.__init__": {"executed_lines": [37, 38, 39, 40, 41, 42, 43], "summary": {"covered_lines": 7, "num_statements": 7, "percent_covered": 100.0, "percent_covered_display": "100", "missing_lines": 0, "excluded_lines": 0}, "missing_lines": [], "excluded_lines": []}, "ProNaturaEntity.async_added_to_hass": {"executed_lines": [47, 48], "summary": {"covered_lines": 2, "num_statements": 3, "percent_covered": 66.66666666666667, "percent_covered_display": "67", "missing_lines": 1, "excluded_lines": 0}, "missing_lines": [54], "excluded_lines": []}, "ProNaturaEntity.device_info": {"executed_lines": [62, 64, 69, 70, 71, 72, 73, 74, 75, 76, 78], "summary": {"covered_lines": 11, "num_statements": 11, "percent_covered": 100.0, "percent_covered_display": "100", "missing_lines": 0, "excluded_lines": 0}, "missing_lines": [], "excluded_lines": []}, "ProNaturaEntity._coordinator_details": {"executed_lines": [88, 89, 90], "summary": {"covered_lines": 3, "num_statements": 3, "percent_covered": 100.0, "percent_covered_display": "100", "missing_lines": 0, "excluded_lines": 0}, "missing_lines": [], "excluded_lines": []}, "": {"executed_lines": [1, 3, 5, 6, 7, 9, 19, 20, 21, 24, 25, 27, 28, 30, 45, 59, 60, 86], "summary": {"covered_lines": 16, "num_statements": 16, "percent_covered": 100.0, "percent_covered_display": "100", "missing_lines": 0, "excluded_lines": 0}, "missing_lines": [], "excluded_lines": []}}, "classes": {"ProNaturaEntity": {"executed_lines": [37, 38, 39, 40, 41, 42, 43, 47, 48, 62, 64, 69, 70, 71, 72, 73, 74, 75, 76, 78, 88, 89, 90], "summary": {"covered_lines": 23, "num_statements": 24, "percent_covered": 95.83333333333333, "percent_covered_display": "96", "missing_lines": 1, "excluded_lines": 0}, "missing_lines": [54], "excluded_lines": []}, "": {"executed_lines": [1, 3, 5, 6, 7, 9, 19, 20, 21, 24, 25, 27, 28, 30, 45, 59, 60, 86], "summary": {"covered_lines": 16, "num_statements": 16, "percent_covered": 100.0, "percent_covered_display": "100", "missing_lines": 0, "excluded_lines": 0}, "missing_lines": [], "excluded_lines": []}}}, "custom_components/pronatura/models.py": {"executed_lines": [1, 3, 5, 6, 8, 10, 12, 16, 17, 18, 20, 21, 24], "summary": {"covered_lines": 10, "num_statements": 10, "percent_covered": 100.0, "percent_covered_display": "100", "missing_lines": 0, "excluded_lines": 2}, "missing_lines": [], "excluded_lines": [12, 13], "functions": {"": {"executed_lines": [1, 3, 5, 6, 8, 10, 12, 16, 17, 18, 20, 21, 24], "summary": {"covered_lines": 10, "num_statements": 10, "percent_covered": 100.0, "percent_covered_display": "100", "missing_lines": 0, "excluded_lines": 2}, "missing_lines": [], "excluded_lines": [12, 13]}}, "classes": {"ProNaturaRuntimeData": {"executed_lines": [], "summary": {"covered_lines": 0, "num_statements": 0, "percent_covered": 100.0, "percent_covered_display": "100", "missing_lines": 0, "excluded_lines": 0}, "missing_lines": [], "excluded_lines": []}, "": {"executed_lines": [1, 3, 5, 6, 8, 10, 12, 16, 17, 18, 20, 21, 24], "summary": {"covered_lines": 10, "num_statements": 10, "percent_covered": 100.0, "percent_covered_display": "100", "missing_lines": 0, "excluded_lines": 2}, "missing_lines": [], "excluded_lines": [12, 13]}}}, "custom_components/pronatura/repairs.py": {"executed_lines": [1, 3, 5, 7, 9, 10, 11, 12, 15, 16, 18, 20, 21, 23, 24, 26, 28, 32, 34, 44, 45, 46, 48, 49, 56, 58, 65, 71, 72, 73, 75], "summary": {"covered_lines": 29, "num_statements": 29, "percent_covered": 100.0, "percent_covered_display": "100", "missing_lines": 0, "excluded_lines": 0}, "missing_lines": [], "excluded_lines": [], "functions": {"_AddressRepairFlow.__init__": {"executed_lines": [20, 21], "summary": {"covered_lines": 2, "num_statements": 2, "percent_covered": 100.0, "percent_covered_display": "100", "missing_lines": 0, "excluded_lines": 0}, "missing_lines": [], "excluded_lines": []}, "_AddressRepairFlow._entry": {"executed_lines": [26], "summary": {"covered_lines": 1, "num_statements": 1, "percent_covered": 100.0, "percent_covered_display": "100", "missing_lines": 0, "excluded_lines": 0}, "missing_lines": [], "excluded_lines": []}, "_AddressRepairFlow.async_step_init": {"executed_lines": [32], "summary": {"covered_lines": 1, "num_statements": 1, "percent_covered": 100.0, "percent_covered_display": "100", "missing_lines": 0, "excluded_lines": 0}, "missing_lines": [], "excluded_lines": []}, "_AddressRepairFlow.async_step_confirm": {"executed_lines": [44, 45, 46, 48, 49, 56, 58], "summary": {"covered_lines": 7, "num_statements": 7, "percent_covered": 100.0, "percent_covered_display": "100", "missing_lines": 0, "excluded_lines": 0}, "missing_lines": [], "excluded_lines": []}, "async_create_fix_flow": {"executed_lines": [71, 72, 73, 75], "summary": {"covered_lines": 4, "num_statements": 4, "percent_covered": 100.0, "percent_covered_display": "100", "missing_lines": 0, "excluded_lines": 0}, "missing_lines": [], "excluded_lines": []}, "": {"executed_lines": [1, 3, 5, 7, 9, 10, 11, 12, 15, 16, 18, 23, 24, 28, 34, 65], "summary": {"covered_lines": 14, "num_statements": 14, "percent_covered": 100.0, "percent_covered_display": "100", "missing_lines": 0, "excluded_lines": 0}, "missing_lines": [], "excluded_lines": []}}, "classes": {"_AddressRepairFlow": {"executed_lines": [20, 21, 26, 32, 44, 45, 46, 48, 49, 56, 58], "summary": {"covered_lines": 11, "num_statements": 11, "percent_covered": 100.0, "percent_covered_display": "100", "missing_lines": 0, "excluded_lines": 0}, "missing_lines": [], "excluded_lines": []}, "": {"executed_lines": [1, 3, 5, 7, 9, 10, 11, 12, 15, 16, 18, 23, 24, 28, 34, 65, 71, 72, 73, 75], "summary": {"covered_lines": 18, "num_statements": 18, "percent_covered": 100.0, "percent_covered_display": "100", "missing_lines": 0, "excluded_lines": 0}, "missing_lines": [], "excluded_lines": []}}}, "custom_components/pronatura/sensor.py": {"executed_lines": [1, 3, 5, 7, 8, 9, 10, 12, 13, 14, 15, 18, 24, 25, 26, 28, 30, 31, 32, 34, 35, 38, 46, 47, 49, 51, 52, 53, 55, 58, 59, 61, 63, 71, 72, 73, 74, 75, 76, 78, 79, 81, 82, 83, 84, 86, 87, 89, 90, 91, 92, 97, 98, 99, 100, 101, 102, 105, 107, 115, 116, 117, 120, 122], "summary": {"covered_lines": 62, "num_statements": 63, "percent_covered": 98.41269841269842, "percent_covered_display": "98", "missing_lines": 1, "excluded_lines": 0}, "missing_lines": [36], "excluded_lines": [], "functions": {"async_setup_entry": {"executed_lines": [24, 25, 26, 28, 30, 49, 51, 52, 55], "summary": {"covered_lines": 9, "num_statements": 9, "percent_covered": 100.0, "percent_covered_display": "100", "missing_lines": 0, "excluded_lines": 0}, "missing_lines": [], "excluded_lines": []}, "async_setup_entry._async_add_new_entities": {"executed_lines": [31, 32, 34, 35, 38, 46, 47], "summary": {"covered_lines": 7, "num_statements": 8, "percent_covered": 87.5, "percent_covered_display": "88", "missing_lines": 1, "excluded_lines": 0}, "missing_lines": [36], "excluded_lines": []}, "async_setup_entry._handle_coordinator_update": {"executed_lines": [53], "summary": {"covered_lines": 1, "num_statements": 1, "percent_covered": 100.0, "percent_covered_display": "100", "missing_lines": 0, "excluded_lines": 0}, "missing_lines": [], "excluded_lines": []}, "ProNaturaCollectionSensor.__init__": {"executed_lines": [71, 72, 73, 74, 75, 76], "summary": {"covered_lines": 6, "num_statements": 6, "percent_covered": 100.0, "percent_covered_display": "100", "missing_lines": 0, "excluded_lines": 0}, "missing_lines": [], "excluded_lines": []}, "ProNaturaCollectionSensor.native_value": {"executed_lines": [81, 82, 83, 84], "summary": {"covered_lines": 4, "num_statements": 4, "percent_covered": 100.0, "percent_covered_display": "100", "missing_lines": 0, "excluded_lines": 0}, "missing_lines": [], "excluded_lines": []}, "ProNaturaCollectionSensor.extra_state_attributes": {"executed_lines": [89, 90, 91, 92, 97, 98, 99, 100, 101, 102, 105, 107, 115, 116, 117], "summary": {"covered_lines": 15, "num_statements": 15, "percent_covered": 100.0, "percent_covered_display": "100", "missing_lines": 0, "excluded_lines": 0}, "missing_lines": [], "excluded_lines": []}, "_slugify": {"executed_lines": [122], "summary": {"covered_lines": 1, "num_statements": 1, "percent_covered": 100.0, "percent_covered_display": "100", "missing_lines": 0, "excluded_lines": 0}, "missing_lines": [], "excluded_lines": []}, "": {"executed_lines": [1, 3, 5, 7, 8, 9, 10, 12, 13, 14, 15, 18, 58, 59, 61, 63, 78, 79, 86, 87, 120], "summary": {"covered_lines": 19, "num_statements": 19, "percent_covered": 100.0, "percent_covered_display": "100", "missing_lines": 0, "excluded_lines": 0}, "missing_lines": [], "excluded_lines": []}}, "classes": {"ProNaturaCollectionSensor": {"executed_lines": [71, 72, 73, 74, 75, 76, 81, 82, 83, 84, 89, 90, 91, 92, 97, 98, 99, 100, 101, 102, 105, 107, 115, 116, 117], "summary": {"covered_lines": 25, "num_statements": 25, "percent_covered": 100.0, "percent_covered_display": "100", "missing_lines": 0, "excluded_lines": 0}, "missing_lines": [], "excluded_lines": []}, "": {"executed_lines": [1, 3, 5, 7, 8, 9, 10, 12, 13, 14, 15, 18, 24, 25, 26, 28, 30, 31, 32, 34, 35, 38, 46, 47, 49, 51, 52, 53, 55, 58, 59, 61, 63, 78, 79, 86, 87, 120, 122], "summary": {"covered_lines": 37, "num_statements": 38, "percent_covered": 97.36842105263158, "percent_covered_display": "97", "missing_lines": 1, "excluded_lines": 0}, "missing_lines": [36], "excluded_lines": []}}}, "custom_components/pronatura/util.py": {"executed_lines": [1, 3, 6, 34, 35, 36, 37, 38, 39], "summary": {"covered_lines": 8, "num_statements": 8, "percent_covered": 100.0, "percent_covered_display": "100", "missing_lines": 0, "excluded_lines": 0}, "missing_lines": [], "excluded_lines": [], "functions": {"format_address_label": {"executed_lines": [34, 35, 36, 37, 38, 39], "summary": {"covered_lines": 6, "num_statements": 6, "percent_covered": 100.0, "percent_covered_display": "100", "missing_lines": 0, "excluded_lines": 0}, "missing_lines": [], "excluded_lines": []}, "": {"executed_lines": [1, 3, 6], "summary": {"covered_lines": 2, "num_statements": 2, "percent_covered": 100.0, "percent_covered_display": "100", "missing_lines": 0, "excluded_lines": 0}, "missing_lines": [], "excluded_lines": []}}, "classes": {"": {"executed_lines": [1, 3, 6, 34, 35, 36, 37, 38, 39], "summary": {"covered_lines": 8, "num_statements": 8, "percent_covered": 100.0, "percent_covered_display": "100", "missing_lines": 0, "excluded_lines": 0}, "missing_lines": [], "excluded_lines": []}}}}, "totals": {"covered_lines": 596, "num_statements": 604, "percent_covered": 98.67549668874172, "percent_covered_display": "99", "missing_lines": 8, "excluded_lines": 2}}